Usage: celery [OPTIONS] COMMAND [ARGS]...
Try 'celery --help' for help.

Error:
Unable to load celery application.
While trying to load the module worker.celery_app the following error occurred:
Traceback (most recent call last):
  File "/Users/jasonyu/Documents/github/convers.me/backend/.venv/lib/python3.13/site-packages/celery/bin/celery.py", line 130, in celery
    app = find_app(app)
  File "/Users/jasonyu/Documents/github/convers.me/backend/.venv/lib/python3.13/site-packages/celery/app/utils.py", line 397, in find_app
    sym = symbol_by_name(app, imp=imp)
  File "/Users/jasonyu/Documents/github/convers.me/backend/.venv/lib/python3.13/site-packages/kombu/utils/imports.py", line 58, in symbol_by_name
    module = imp(module_name, package=package, **kwargs)
  File "/Users/jasonyu/Documents/github/convers.me/backend/.venv/lib/python3.13/site-packages/celery/utils/imports.py", line 117, in import_from_cwd
    return imp(module, package=package)
  File "/opt/homebrew/Cellar/python@3.13/3.13.2/Frameworks/Python.framework/Versions/3.13/lib/python3.13/importlib/__init__.py", line 88, in import_module
    return _bootstrap._gcd_import(name[level:], package, level)
           ~~~~~~~~~~~~~~~~~~~~~~^^^^^^^^^^^^^^^^^^^^^^^^^^^^^^
  File "<frozen importlib._bootstrap>", line 1387, in _gcd_import
  File "<frozen importlib._bootstrap>", line 1360, in _find_and_load
  File "<frozen importlib._bootstrap>", line 1324, in _find_and_load_unlocked
ModuleNotFoundError: No module named 'worker'
